<?xml version='1.0' encoding='UTF-8' ?>
<testsuite name="it.feio.android.omninotes.ui.AccessNotePasswordTest" tests="1" failures="0" errors="0" skipped="0" time="16.977" timestamp="2022-05-19T08:38:07" hostname="localhost">
  <properties>
    <property name="device" value="Pixel_3a_API_32_arm64-v8a(AVD) - 12" />
    <property name="flavor" value="alpha" />
    <property name="project" value="omniNotes" />
  </properties>
  <testcase name="disablePasswordToNote" classname="it.feio.android.omninotes.ui.AccessNotePasswordTest" time="14.655" />
</testsuite>