<?xml version='1.0' encoding='UTF-8' ?>
<testsuite name="it.feio.android.omninotes.ui.AddTagsToNoteTest" tests="1" failures="0" errors="0" skipped="0" time="6.507" timestamp="2022-05-19T07:47:00" hostname="localhost">
  <properties>
    <property name="device" value="Pixel_3a_API_32_arm64-v8a(AVD) - 12" />
    <property name="flavor" value="alpha" />
    <property name="project" value="omniNotes" />
  </properties>
  <testcase name="charOnly" classname="it.feio.android.omninotes.ui.AddTagsToNoteTest" time="5.353" />
</testsuite>